
1588840693.8536 /home/ghost/projects/ffi/php-iup/examples/images.php +7
1588840693.9113 /home/ghost/projects/ffi/php-iup/examples/images.php +14
1588840693.9942 /home/ghost/projects/ffi/php-iup/examples/images.php +15
1588840694.0666 /home/ghost/projects/ffi/php-iup/examples/images.php +26
1588840694.0669 /home/ghost/projects/ffi/php-iup/examples/images.php +28
1588840694.0670 /home/ghost/projects/ffi/php-iup/examples/images.php +29
1588840694.0672 /home/ghost/projects/ffi/php-iup/examples/images.php +30
1588840752.6207 /home/ghost/projects/ffi/php-iup/examples/img_test.php +6
1588840752.6427 /home/ghost/projects/ffi/php-iup/examples/img_test.php +10
1588840752.7150 /home/ghost/projects/ffi/php-iup/examples/img_test.php +11
1588840752.7207 /home/ghost/projects/ffi/php-iup/examples/img_test.php +13
1588840752.7208 /home/ghost/projects/ffi/php-iup/examples/img_test.php +15
1588840752.7209 /home/ghost/projects/ffi/php-iup/examples/img_test.php +16
1588840752.7209 /home/ghost/projects/ffi/php-iup/examples/img_test.php +17
1588840752.7210 /home/ghost/projects/ffi/php-iup/examples/img_test.php +19
1589315065.4570 /home/ghost/projects/ffi/php-iup/examples/images.php +7
1589315065.4726 /home/ghost/projects/ffi/php-iup/examples/images.php +14
1589315065.5374 /home/ghost/projects/ffi/php-iup/examples/images.php +15
1589315065.7140 /home/ghost/projects/ffi/php-iup/examples/images.php +26
1589315065.7143 /home/ghost/projects/ffi/php-iup/examples/images.php +28
1589315065.7144 /home/ghost/projects/ffi/php-iup/examples/images.php +29
1589315065.7146 /home/ghost/projects/ffi/php-iup/examples/images.php +30
1589315373.7976 /home/ghost/projects/ffi/php-iup/examples/images.php +7
1589315373.8130 /home/ghost/projects/ffi/php-iup/examples/images.php +14
1589315373.8859 /home/ghost/projects/ffi/php-iup/examples/images.php +15
1589315373.8895 /home/ghost/projects/ffi/php-iup/examples/images.php +26
1589315373.8897 /home/ghost/projects/ffi/php-iup/examples/images.php +28
1589315373.8897 /home/ghost/projects/ffi/php-iup/examples/images.php +29
1589315373.8898 /home/ghost/projects/ffi/php-iup/examples/images.php +30
1589315375.4508 /home/ghost/projects/ffi/php-iup/examples/images.php +7
1589315375.4662 /home/ghost/projects/ffi/php-iup/examples/images.php +14
1589315375.5366 /home/ghost/projects/ffi/php-iup/examples/images.php +15
1589315375.5406 /home/ghost/projects/ffi/php-iup/examples/images.php +26
1589315375.5408 /home/ghost/projects/ffi/php-iup/examples/images.php +28
1589315375.5409 /home/ghost/projects/ffi/php-iup/examples/images.php +29
1589315375.5409 /home/ghost/projects/ffi/php-iup/examples/images.php +30
1589315458.8446 /home/ghost/projects/ffi/php-iup/examples/images.php +7
1589315641.7628 /home/ghost/projects/ffi/php-iup/examples/images.php +7
1589315641.7846 /home/ghost/projects/ffi/php-iup/examples/images.php +14
1589315641.8551 /home/ghost/projects/ffi/php-iup/examples/images.php +15
1589315641.8592 /home/ghost/projects/ffi/php-iup/examples/images.php +26
1589315641.8594 /home/ghost/projects/ffi/php-iup/examples/images.php +28
1589315641.8594 /home/ghost/projects/ffi/php-iup/examples/images.php +29
1589315641.8595 /home/ghost/projects/ffi/php-iup/examples/images.php +30
1589315728.6930 /home/ghost/projects/ffi/php-iup/examples/images.php +7
1589315728.7137 /home/ghost/projects/ffi/php-iup/examples/images.php +14
1589315728.7894 /home/ghost/projects/ffi/php-iup/examples/images.php +15
1589315728.7925 /home/ghost/projects/ffi/php-iup/examples/images.php +26
1589315728.7927 /home/ghost/projects/ffi/php-iup/examples/images.php +28
1589315728.7928 /home/ghost/projects/ffi/php-iup/examples/images.php +29
1589315728.7928 /home/ghost/projects/ffi/php-iup/examples/images.php +30
1589372559.4670 /home/ghost/projects/ffi/php-iup/examples/img_test.php +6
1589372559.4895 /home/ghost/projects/ffi/php-iup/examples/img_test.php +10
1589372559.5911 /home/ghost/projects/ffi/php-iup/examples/img_test.php +11
1589372559.5953 /home/ghost/projects/ffi/php-iup/examples/img_test.php +13
1589372559.5955 /home/ghost/projects/ffi/php-iup/examples/img_test.php +15
1589372559.5956 /home/ghost/projects/ffi/php-iup/examples/img_test.php +16
1589372559.5956 /home/ghost/projects/ffi/php-iup/examples/img_test.php +17
1589372559.5957 /home/ghost/projects/ffi/php-iup/examples/img_test.php +19
1589373709.7082 /home/ghost/projects/ffi/php-iup/examples/images.php +7
1589373709.7281 /home/ghost/projects/ffi/php-iup/examples/images.php +14
1589373709.8494 /home/ghost/projects/ffi/php-iup/examples/images.php +15
1589373709.8538 /home/ghost/projects/ffi/php-iup/examples/images.php +25
1589373709.8542 /home/ghost/projects/ffi/php-iup/examples/images.php +27
1589373709.8544 /home/ghost/projects/ffi/php-iup/examples/images.php +28
1589373709.8546 /home/ghost/projects/ffi/php-iup/examples/images.php +29
1592752829.1894 /home/ghost/projects/ffi/php-iup/examples/img_test.php +6
1592752829.2139 /home/ghost/projects/ffi/php-iup/examples/img_test.php +10
1592752829.2919 /home/ghost/projects/ffi/php-iup/examples/img_test.php +11
1592752829.2964 /home/ghost/projects/ffi/php-iup/examples/img_test.php +13
1592752829.2965 /home/ghost/projects/ffi/php-iup/examples/img_test.php +15
1592752829.2966 /home/ghost/projects/ffi/php-iup/examples/img_test.php +16
1592752829.2966 /home/ghost/projects/ffi/php-iup/examples/img_test.php +17
1592752829.2967 /home/ghost/projects/ffi/php-iup/examples/img_test.php +19
